INFO:root:Date and Time: 10.16.15 16:44 pending

INFO:root:Date and Time: 10.16.15 16:44 pending

INFO:root:Date and Time: 10.16.15 16:44 pending

INFO:root:Date and Time: 10.16.15 16:44 pending

INFO:root:Date and Time: 10.16.15 16:44 pending

INFO:root:Date and Time: 10.16.15 16:44 pending

INFO:root:Date and Time: 10.16.15 16:45 pending

INFO:root:Date and Time: 10.16.15 16:45 pending

INFO:root:Date and Time: 10.16.15 16:45 pending

INFO:root:Date and Time: 10.16.15 16:45 pending

INFO:root:Date and Time: 10.16.15 16:45 pending

INFO:root:Date and Time: 10.16.15 16:45 running

INFO:root:Date and Time: 10.20.15 14:15 pending

INFO:root:Date and Time: 10.20.15 14:16 pending

INFO:root:Date and Time: 10.20.15 14:16 running

INFO:root:Date and Time: 10.20.15 14:19 pending

INFO:root:Date and Time: 10.20.15 14:19 pending

INFO:root:Date and Time: 10.20.15 14:19 pending

INFO:root:Date and Time: 10.20.15 14:20 pending

INFO:root:Date and Time: 10.20.15 14:20 running

INFO:root:Date and Time: 10.20.15 14:21 pending

INFO:root:Date and Time: 10.20.15 14:21 pending

INFO:root:Date and Time: 10.20.15 14:21 running

INFO:root:Date and Time: 10.20.15 14:32 pending

INFO:root:Date and Time: 10.20.15 14:33 pending

INFO:root:Date and Time: 10.20.15 14:33 running

INFO:root:Date and Time: 10.20.15 14:35 pending

INFO:root:Date and Time: 10.20.15 14:35 pending

INFO:root:Date and Time: 10.20.15 14:35 pending

INFO:root:Date and Time: 10.20.15 14:35 running

INFO:root:Date and Time: 10.20.15 14:37 pending

INFO:root:Date and Time: 10.20.15 14:37 pending

INFO:root:Date and Time: 10.20.15 14:37 running

INFO:root:Date and Time: 10.20.15 15:00 pending

INFO:root:Date and Time: 10.20.15 15:00 pending

INFO:root:Date and Time: 10.20.15 15:00 pending

INFO:root:Date and Time: 10.20.15 15:00 pending

INFO:root:Date and Time: 10.20.15 15:01 pending

INFO:root:Date and Time: 10.20.15 15:01 pending

INFO:root:Date and Time: 10.20.15 15:01 pending

INFO:root:Date and Time: 10.20.15 15:01 running

INFO:root:Date and Time: 10.20.15 18:32 pending

INFO:root:Date and Time: 10.20.15 18:33 pending

INFO:root:Date and Time: 10.20.15 18:33 pending

INFO:root:Date and Time: 10.20.15 18:33 running

INFO:root:Date and Time: 10.20.15 18:33 stopping instance now...

INFO:root:Date and Time: 10.20.15 18:34 pending

INFO:root:Date and Time: 10.20.15 18:35 pending

INFO:root:Date and Time: 10.20.15 18:35 pending

INFO:root:Date and Time: 10.20.15 18:35 running

INFO:root:Date and Time: 10.20.15 18:36 pending

INFO:root:Date and Time: 10.20.15 18:36 pending

INFO:root:Date and Time: 10.20.15 18:36 running

INFO:root:Date and Time: 10.20.15 18:39 pending

INFO:root:Date and Time: 10.20.15 18:39 pending

INFO:root:Date and Time: 10.20.15 18:39 pending

INFO:root:Date and Time: 10.20.15 18:39 running

INFO:root:Date and Time: 10.20.15 19:20 pending

INFO:root:Date and Time: 10.20.15 19:20 pending

INFO:root:Date and Time: 10.20.15 19:20 pending

INFO:root:Date and Time: 10.20.15 19:20 running

INFO:root:Date and Time: 10.20.15 19:22 pending

INFO:root:Date and Time: 10.20.15 19:23 pending

INFO:root:Date and Time: 10.20.15 19:23 pending

INFO:root:Date and Time: 10.20.15 19:23 running

INFO:root:Date and Time: 10.20.15 19:26 pending

INFO:root:Date and Time: 10.20.15 19:26 pending

INFO:root:Date and Time: 10.20.15 19:26 running

INFO:root:Date and Time: 10.20.15 19:28 pending

INFO:root:Date and Time: 10.20.15 19:28 pending

INFO:root:Date and Time: 10.20.15 19:29 running

INFO:root:Date and Time: 10.20.15 19:33 pending

INFO:root:Date and Time: 10.20.15 19:33 pending

INFO:root:Date and Time: 10.20.15 19:33 running

INFO:root:Date and Time: 10.20.15 19:38 pending

INFO:root:Date and Time: 10.20.15 19:38 pending

INFO:root:Date and Time: 10.20.15 19:38 pending

INFO:root:Date and Time: 10.20.15 19:38 running

INFO:root:Date and Time: 10.20.15 19:43 pending

INFO:root:Date and Time: 10.20.15 19:43 pending

INFO:root:Date and Time: 10.20.15 19:43 pending

INFO:root:Date and Time: 10.20.15 19:44 running

INFO:root:Date and Time: 10.21.15 09:25 pending

INFO:root:Date and Time: 10.21.15 09:25 pending

INFO:root:Date and Time: 10.21.15 09:25 running

INFO:root:Date and Time: 10.21.15 09:29 pending

INFO:root:Date and Time: 10.21.15 09:29 pending

INFO:root:Date and Time: 10.21.15 09:29 pending

INFO:root:Date and Time: 10.21.15 09:30 pending

INFO:root:Date and Time: 10.21.15 09:30 pending

INFO:root:Date and Time: 10.21.15 09:30 pending

INFO:root:Date and Time: 10.21.15 09:30 running

INFO:root:Date and Time: 10.21.15 09:35 pending

INFO:root:Date and Time: 10.21.15 09:36 pending

INFO:root:Date and Time: 10.21.15 09:36 running

INFO:root:Date and Time: 10.21.15 09:38 pending

INFO:root:Date and Time: 10.21.15 09:38 pending

INFO:root:Date and Time: 10.21.15 09:38 pending

INFO:root:Date and Time: 10.21.15 09:39 running

INFO:root:Date and Time: 10.21.15 09:51 pending

INFO:root:Date and Time: 10.21.15 09:52 pending

INFO:root:Date and Time: 10.21.15 09:52 pending

INFO:root:Date and Time: 10.21.15 09:52 pending

INFO:root:Date and Time: 10.21.15 09:52 pending

INFO:root:Date and Time: 10.21.15 09:52 pending

INFO:root:Date and Time: 10.21.15 09:53 pending

INFO:root:Date and Time: 10.21.15 09:53 pending

INFO:root:Date and Time: 10.21.15 09:53 running

INFO:root:Date and Time: 10.21.15 09:56 pending

INFO:root:Date and Time: 10.21.15 09:56 pending

INFO:root:Date and Time: 10.21.15 09:56 pending

INFO:root:Date and Time: 10.21.15 09:56 running

INFO:root:Date and Time: 10.21.15 09:58 pending

INFO:root:Date and Time: 10.21.15 09:58 pending

INFO:root:Date and Time: 10.21.15 09:58 running

INFO:root:Date and Time: 10.21.15 10:00 pending

INFO:root:Date and Time: 10.21.15 10:01 pending

INFO:root:Date and Time: 10.21.15 10:01 pending

INFO:root:Date and Time: 10.21.15 10:01 pending

INFO:root:Date and Time: 10.21.15 10:01 pending

INFO:root:Date and Time: 10.21.15 10:01 pending

INFO:root:Date and Time: 10.21.15 10:01 pending

INFO:root:Date and Time: 10.21.15 10:02 running

INFO:root:Date and Time: 10.21.15 10:07 pending

INFO:root:Date and Time: 10.21.15 10:07 pending

INFO:root:Date and Time: 10.21.15 10:08 pending

INFO:root:Date and Time: 10.21.15 10:08 running

INFO:root:Date and Time: 10.21.15 10:10 pending

INFO:root:Date and Time: 10.21.15 10:11 pending

INFO:root:Date and Time: 10.21.15 10:11 pending

INFO:root:Date and Time: 10.21.15 10:11 running

INFO:root:Date and Time: 10.21.15 10:13 pending

INFO:root:Date and Time: 10.21.15 10:13 pending

INFO:root:Date and Time: 10.21.15 10:13 running

INFO:root:Date and Time: 10.21.15 10:19 pending

INFO:root:Date and Time: 10.21.15 10:19 pending

INFO:root:Date and Time: 10.21.15 10:20 pending

INFO:root:Date and Time: 10.21.15 10:20 pending

INFO:root:Date and Time: 10.21.15 10:20 pending

INFO:root:Date and Time: 10.21.15 10:20 running

INFO:root:Date and Time: 10.21.15 10:23 pending

INFO:root:Date and Time: 10.21.15 10:23 pending

INFO:root:Date and Time: 10.21.15 10:24 running

INFO:root:Date and Time: 10.21.15 10:27 pending

INFO:root:Date and Time: 10.21.15 10:27 pending

INFO:root:Date and Time: 10.21.15 10:27 running

INFO:root:Date and Time: 10.21.15 10:28 pending

INFO:root:Date and Time: 10.21.15 10:28 pending

INFO:root:Date and Time: 10.21.15 10:29 pending

INFO:root:Date and Time: 10.21.15 10:29 pending

INFO:root:Date and Time: 10.21.15 10:29 pending

INFO:root:Date and Time: 10.21.15 10:29 running

INFO:root:Date and Time: 10.21.15 10:38 pending

INFO:root:Date and Time: 10.21.15 10:38 pending

INFO:root:Date and Time: 10.21.15 10:39 pending

INFO:root:Date and Time: 10.21.15 10:39 pending

INFO:root:Date and Time: 10.21.15 10:39 pending

INFO:root:Date and Time: 10.21.15 10:39 pending

INFO:root:Date and Time: 10.21.15 10:39 pending

INFO:root:Date and Time: 10.21.15 10:39 pending

INFO:root:Date and Time: 10.21.15 10:40 pending

INFO:root:Date and Time: 10.21.15 10:40 running

INFO:root:Date and Time: 10.21.15 10:42 pending

INFO:root:Date and Time: 10.21.15 10:42 pending

INFO:root:Date and Time: 10.21.15 10:42 pending

INFO:root:Date and Time: 10.21.15 10:42 pending

INFO:root:Date and Time: 10.21.15 10:42 pending

INFO:root:Date and Time: 10.21.15 10:42 pending

INFO:root:Date and Time: 10.21.15 10:43 pending

INFO:root:Date and Time: 10.21.15 10:43 pending

INFO:root:Date and Time: 10.21.15 10:43 running

INFO:root:Date and Time: 10.21.15 10:45 pending

INFO:root:Date and Time: 10.21.15 10:46 pending

INFO:root:Date and Time: 10.21.15 10:46 pending

INFO:root:Date and Time: 10.21.15 10:46 pending

INFO:root:Date and Time: 10.21.15 10:46 pending

INFO:root:Date and Time: 10.21.15 10:46 pending

INFO:root:Date and Time: 10.21.15 10:46 pending

INFO:root:Date and Time: 10.21.15 10:47 pending

INFO:root:Date and Time: 10.21.15 10:47 running

INFO:root:Date and Time: 10.21.15 10:53 pending

INFO:root:Date and Time: 10.21.15 10:53 pending

INFO:root:Date and Time: 10.21.15 10:53 pending

INFO:root:Date and Time: 10.21.15 10:53 pending

INFO:root:Date and Time: 10.21.15 10:53 pending

INFO:root:Date and Time: 10.21.15 10:53 pending

INFO:root:Date and Time: 10.21.15 10:54 pending

INFO:root:Date and Time: 10.21.15 10:54 pending

INFO:root:Date and Time: 10.21.15 10:54 running

INFO:root:Date and Time: 10.21.15 10:56 pending

INFO:root:Date and Time: 10.21.15 10:57 pending

INFO:root:Date and Time: 10.21.15 10:57 pending

INFO:root:Date and Time: 10.21.15 10:57 pending

INFO:root:Date and Time: 10.21.15 10:57 pending

INFO:root:Date and Time: 10.21.15 10:57 pending

INFO:root:Date and Time: 10.21.15 10:57 running

INFO:root:Date and Time: 10.21.15 11:00 pending

INFO:root:Date and Time: 10.21.15 11:00 pending

INFO:root:Date and Time: 10.21.15 11:00 running

INFO:root:Date and Time: 10.21.15 11:02 pending

INFO:root:Date and Time: 10.21.15 11:02 pending

INFO:root:Date and Time: 10.21.15 11:02 running

INFO:root:Date and Time: 10.21.15 11:04 pending

INFO:root:Date and Time: 10.21.15 11:05 pending

INFO:root:Date and Time: 10.21.15 11:05 pending

INFO:root:Date and Time: 10.21.15 11:05 running

INFO:root:Date and Time: 10.21.15 11:12 pending

INFO:root:Date and Time: 10.21.15 11:12 pending

INFO:root:Date and Time: 10.21.15 11:12 running

INFO:root:Date and Time: 10.21.15 11:14 pending

INFO:root:Date and Time: 10.21.15 11:14 pending

INFO:root:Date and Time: 10.21.15 11:14 pending

INFO:root:Date and Time: 10.21.15 11:15 pending

INFO:root:Date and Time: 10.21.15 11:15 running

INFO:root:Date and Time: 10.21.15 11:21 pending

INFO:root:Date and Time: 10.21.15 11:21 pending

INFO:root:Date and Time: 10.21.15 11:21 pending

INFO:root:Date and Time: 10.21.15 11:21 pending

INFO:root:Date and Time: 10.21.15 11:21 pending

INFO:root:Date and Time: 10.21.15 11:21 pending

INFO:root:Date and Time: 10.21.15 11:22 pending

INFO:root:Date and Time: 10.21.15 11:22 pending

INFO:root:Date and Time: 10.21.15 11:22 pending

INFO:root:Date and Time: 10.21.15 11:22 running

INFO:root:Date and Time: 10.21.15 11:25 pending

INFO:root:Date and Time: 10.21.15 11:25 pending

INFO:root:Date and Time: 10.21.15 11:25 pending

INFO:root:Date and Time: 10.21.15 11:26 pending

INFO:root:Date and Time: 10.21.15 11:26 pending

INFO:root:Date and Time: 10.21.15 11:26 pending

INFO:root:Date and Time: 10.21.15 11:26 pending

INFO:root:Date and Time: 10.21.15 11:26 pending

INFO:root:Date and Time: 10.21.15 11:26 pending

INFO:root:Date and Time: 10.21.15 11:27 running

INFO:root:Date and Time: 10.21.15 11:32 pending

INFO:root:Date and Time: 10.21.15 11:32 pending

INFO:root:Date and Time: 10.21.15 11:32 pending

INFO:root:Date and Time: 10.21.15 11:32 pending

INFO:root:Date and Time: 10.21.15 11:33 pending

INFO:root:Date and Time: 10.21.15 11:33 pending

INFO:root:Date and Time: 10.21.15 11:33 pending

INFO:root:Date and Time: 10.21.15 11:33 pending

INFO:root:Date and Time: 10.21.15 11:33 pending

INFO:root:Date and Time: 10.21.15 11:33 pending

INFO:root:Date and Time: 10.21.15 11:34 running

INFO:root:Date and Time: 10.21.15 11:36 pending

INFO:root:Date and Time: 10.21.15 11:36 pending

INFO:root:Date and Time: 10.21.15 11:36 pending

INFO:root:Date and Time: 10.21.15 11:36 pending

INFO:root:Date and Time: 10.21.15 11:36 pending

INFO:root:Date and Time: 10.21.15 11:37 pending

INFO:root:Date and Time: 10.21.15 11:37 pending

INFO:root:Date and Time: 10.21.15 11:37 pending

INFO:root:Date and Time: 10.21.15 11:37 pending

INFO:root:Date and Time: 10.21.15 11:37 pending

INFO:root:Date and Time: 10.21.15 11:37 running

INFO:root:Date and Time: 10.21.15 11:39 pending

INFO:root:Date and Time: 10.21.15 11:39 pending

INFO:root:Date and Time: 10.21.15 11:39 running

INFO:root:Date and Time: 10.21.15 11:43 pending

INFO:root:Date and Time: 10.21.15 11:43 pending

INFO:root:Date and Time: 10.21.15 11:43 pending

INFO:root:Date and Time: 10.21.15 11:43 pending

INFO:root:Date and Time: 10.21.15 11:43 running

INFO:root:Date and Time: 10.21.15 11:45 pending

INFO:root:Date and Time: 10.21.15 11:45 pending

INFO:root:Date and Time: 10.21.15 11:45 pending

INFO:root:Date and Time: 10.21.15 11:45 running

INFO:root:Date and Time: 10.21.15 11:50 pending

INFO:root:Date and Time: 10.21.15 11:50 pending

INFO:root:Date and Time: 10.21.15 11:50 pending

INFO:root:Date and Time: 10.21.15 11:50 pending

INFO:root:Date and Time: 10.21.15 11:50 pending

INFO:root:Date and Time: 10.21.15 11:50 pending

INFO:root:Date and Time: 10.21.15 11:51 pending

INFO:root:Date and Time: 10.21.15 11:51 running

INFO:root:Date and Time: 10.21.15 11:56 pending

INFO:root:Date and Time: 10.21.15 11:57 pending

INFO:root:Date and Time: 10.21.15 11:57 running

INFO:root:Date and Time: 10.21.15 11:59 pending

INFO:root:Date and Time: 10.21.15 11:59 pending

INFO:root:Date and Time: 10.21.15 12:00 running

INFO:root:Date and Time: 10.21.15 12:02 pending

INFO:root:Date and Time: 10.21.15 12:02 pending

INFO:root:Date and Time: 10.21.15 12:02 running

INFO:root:Date and Time: 10.21.15 12:08 pending

INFO:root:Date and Time: 10.21.15 12:08 pending

INFO:root:Date and Time: 10.21.15 12:08 pending

INFO:root:Date and Time: 10.21.15 12:08 pending

INFO:root:Date and Time: 10.21.15 12:09 running

INFO:root:Date and Time: 10.21.15 12:15 pending

INFO:root:Date and Time: 10.21.15 12:15 pending

INFO:root:Date and Time: 10.21.15 12:15 pending

INFO:root:Date and Time: 10.21.15 12:15 running

INFO:root:Date and Time: 10.21.15 12:29 pending

INFO:root:Date and Time: 10.21.15 12:29 pending

INFO:root:Date and Time: 10.21.15 12:30 running

INFO:root:Date and Time: 10.21.15 12:31 pending

INFO:root:Date and Time: 10.21.15 12:32 pending

INFO:root:Date and Time: 10.21.15 12:32 running

INFO:root:Date and Time: 10.21.15 12:50 pending

INFO:root:Date and Time: 10.21.15 12:50 pending

INFO:root:Date and Time: 10.21.15 12:51 running

ERROR:boto:400 Bad Request
ERROR:boto:b'<?xml version="1.0" encoding="UTF-8"?>\n<Response><Errors><Error><Code>IncorrectInstanceState</Code><Message>This instance \'i-190c7ba0\' is not in a state from which it can be stopped.</Message></Error></Errors><RequestID>3a8ff18a-68b6-4087-9ede-239df8a9d57f</RequestID></Response>'
